{"C:\\Users\\wits-user\\Downloads\\Lance2.0\\Lance\\backend\\config\\passport.js": {"path":"C:\\Users\\wits-user\\Downloads\\Lance2.0\\Lance\\backend\\config\\passport.js","statementMap":{"0":{"start":{"line":1,"column":17},"end":{"line":1,"column":36}},"1":{"start":{"line":2,"column":23},"end":{"line":2,"column":65}},"2":{"start":{"line":5,"column":13},"end":{"line":5,"column":28}},"3":{"start":{"line":8,"column":16},"end":{"line":8,"column":70}},"4":{"start":{"line":9,"column":0},"end":{"line":11,"column":3}},"5":{"start":{"line":13,"column":13},"end":{"line":13,"column":15}},"6":{"start":{"line":14,"column":9},"end":{"line":14,"column":11}},"7":{"start":{"line":19,"column":0},"end":{"line":56,"column":3}},"8":{"start":{"line":27,"column":5},"end":{"line":27,"column":27}},"9":{"start":{"line":28,"column":4},"end":{"line":53,"column":5}},"10":{"start":{"line":29,"column":48},"end":{"line":29,"column":81}},"11":{"start":{"line":32,"column":8},"end":{"line":36,"column":10}},"12":{"start":{"line":37,"column":19},"end":{"line":37,"column":58}},"13":{"start":{"line":39,"column":8},"end":{"line":48,"column":11}},"14":{"start":{"line":40,"column":28},"end":{"line":45,"column":13}},"15":{"start":{"line":46,"column":12},"end":{"line":46,"column":33}},"16":{"start":{"line":47,"column":12},"end":{"line":47,"column":59}},"17":{"start":{"line":50,"column":8},"end":{"line":50,"column":27}},"18":{"start":{"line":52,"column":8},"end":{"line":52,"column":18}},"19":{"start":{"line":57,"column":17},"end":{"line":57,"column":25}},"20":{"start":{"line":59,"column":0},"end":{"line":61,"column":5}},"21":{"start":{"line":60,"column":4},"end":{"line":60,"column":28}},"22":{"start":{"line":63,"column":2},"end":{"line":71,"column":5}},"23":{"start":{"line":64,"column":35},"end":{"line":64,"column":65}},"24":{"start":{"line":67,"column":17},"end":{"line":67,"column":48}},"25":{"start":{"line":69,"column":4},"end":{"line":69,"column":82}},"26":{"start":{"line":69,"column":16},"end":{"line":69,"column":82}},"27":{"start":{"line":70,"column":4},"end":{"line":70,"column":35}},"28":{"start":{"line":73,"column":2},"end":{"line":76,"column":4}}},"fnMap":{"0":{"name":"(anonymous_0)","decl":{"start":{"line":26,"column":2},"end":{"line":26,"column":3}},"loc":{"start":{"line":26,"column":137},"end":{"line":54,"column":1}},"line":26},"1":{"name":"(anonymous_1)","decl":{"start":{"line":59,"column":23},"end":{"line":59,"column":24}},"loc":{"start":{"line":59,"column":37},"end":{"line":61,"column":3}},"line":59},"2":{"name":"(anonymous_2)","decl":{"start":{"line":63,"column":27},"end":{"line":63,"column":28}},"loc":{"start":{"line":63,"column":45},"end":{"line":71,"column":3}},"line":63}},"branchMap":{"0":{"loc":{"start":{"line":8,"column":16},"end":{"line":8,"column":70}},"type":"cond-expr","locations":[{"start":{"line":8,"column":50},"end":{"line":8,"column":61}},{"start":{"line":8,"column":64},"end":{"line":8,"column":70}}],"line":8},"1":{"loc":{"start":{"line":39,"column":8},"end":{"line":48,"column":11}},"type":"if","locations":[{"start":{"line":39,"column":8},"end":{"line":48,"column":11}},{"start":{},"end":{}}],"line":39},"2":{"loc":{"start":{"line":69,"column":4},"end":{"line":69,"column":82}},"type":"if","locations":[{"start":{"line":69,"column":4},"end":{"line":69,"column":82}},{"start":{},"end":{}}],"line":69}},"s":{"0":1,"1":1,"2":1,"3":1,"4":1,"5":1,"6":1,"7":1,"8":0,"9":0,"10":0,"11":0,"12":0,"13":0,"14":0,"15":0,"16":0,"17":0,"18":0,"19":1,"20":1,"21":0,"22":1,"23":0,"24":0,"25":0,"26":0,"27":0,"28":1},"f":{"0":0,"1":0,"2":0},"b":{"0":[1,0],"1":[0,0],"2":[0,0]},"_coverageSchema":"1a1c01bbd47fc00a2c39e90264f33305004495a9","hash":"dfabcc73a95f79650c5c929af57ff353a6f4a925"}
,"C:\\Users\\wits-user\\Downloads\\Lance2.0\\Lance\\backend\\controllers\\authController.js": {"path":"C:\\Users\\wits-user\\Downloads\\Lance2.0\\Lance\\backend\\controllers\\authController.js","statementMap":{"0":{"start":{"line":7,"column":4},"end":{"line":7,"column":44}},"1":{"start":{"line":10,"column":0},"end":{"line":10,"column":30}}},"fnMap":{"0":{"name":"isLogged","decl":{"start":{"line":6,"column":9},"end":{"line":6,"column":17}},"loc":{"start":{"line":6,"column":34},"end":{"line":8,"column":1}},"line":6}},"branchMap":{"0":{"loc":{"start":{"line":7,"column":4},"end":{"line":7,"column":43}},"type":"cond-expr","locations":[{"start":{"line":7,"column":15},"end":{"line":7,"column":21}},{"start":{"line":7,"column":24},"end":{"line":7,"column":43}}],"line":7}},"s":{"0":2,"1":2},"f":{"0":2},"b":{"0":[1,1]},"_coverageSchema":"1a1c01bbd47fc00a2c39e90264f33305004495a9","hash":"aca34d2df9db0dc8e40a1fbf32436277a69d13e1"}
,"C:\\Users\\wits-user\\Downloads\\Lance2.0\\Lance\\backend\\public\\login.js": {"path":"C:\\Users\\wits-user\\Downloads\\Lance2.0\\Lance\\backend\\public\\login.js","statementMap":{"0":{"start":{"line":3,"column":4},"end":{"line":3,"column":43}},"1":{"start":{"line":6,"column":4},"end":{"line":6,"column":58}},"2":{"start":{"line":9,"column":4},"end":{"line":9,"column":69}},"3":{"start":{"line":10,"column":4},"end":{"line":10,"column":71}},"4":{"start":{"line":14,"column":18},"end":{"line":14,"column":56}},"5":{"start":{"line":15,"column":21},"end":{"line":15,"column":62}},"6":{"start":{"line":17,"column":17},"end":{"line":17,"column":49}},"7":{"start":{"line":20,"column":4},"end":{"line":20,"column":77}},"8":{"start":{"line":28,"column":0},"end":{"line":28,"column":44}}},"fnMap":{"0":{"name":"selectRole","decl":{"start":{"line":1,"column":9},"end":{"line":1,"column":19}},"loc":{"start":{"line":1,"column":26},"end":{"line":11,"column":1}},"line":1},"1":{"name":"signUp","decl":{"start":{"line":13,"column":9},"end":{"line":13,"column":15}},"loc":{"start":{"line":13,"column":18},"end":{"line":23,"column":1}},"line":13},"2":{"name":"login","decl":{"start":{"line":25,"column":9},"end":{"line":25,"column":14}},"loc":{"start":{"line":25,"column":17},"end":{"line":26,"column":1}},"line":25}},"branchMap":{},"s":{"0":3,"1":3,"2":3,"3":3,"4":1,"5":1,"6":1,"7":1,"8":1},"f":{"0":3,"1":1,"2":1},"b":{},"_coverageSchema":"1a1c01bbd47fc00a2c39e90264f33305004495a9","hash":"4e7445afb65f8c7f61f8b3066afb634301781241"}
,"C:\\Users\\wits-user\\Downloads\\Lance2.0\\Lance\\backend\\routes\\authRoutes.js": {"path":"C:\\Users\\wits-user\\Downloads\\Lance2.0\\Lance\\backend\\routes\\authRoutes.js","statementMap":{"0":{"start":{"line":1,"column":16},"end":{"line":1,"column":34}},"1":{"start":{"line":2,"column":15},"end":{"line":2,"column":31}},"2":{"start":{"line":3,"column":31},"end":{"line":3,"column":60}},"3":{"start":{"line":6,"column":21},"end":{"line":6,"column":61}},"4":{"start":{"line":8,"column":9},"end":{"line":8,"column":11}},"5":{"start":{"line":9,"column":0},"end":{"line":14,"column":3}},"6":{"start":{"line":10,"column":4},"end":{"line":10,"column":20}},"7":{"start":{"line":12,"column":4},"end":{"line":12,"column":33}},"8":{"start":{"line":15,"column":0},"end":{"line":19,"column":3}},"9":{"start":{"line":16,"column":4},"end":{"line":16,"column":24}},"10":{"start":{"line":17,"column":4},"end":{"line":17,"column":33}},"11":{"start":{"line":22,"column":0},"end":{"line":30,"column":3}},"12":{"start":{"line":25,"column":4},"end":{"line":28,"column":24}},"13":{"start":{"line":33,"column":0},"end":{"line":42,"column":4}},"14":{"start":{"line":35,"column":13},"end":{"line":35,"column":28}},"15":{"start":{"line":37,"column":1},"end":{"line":39,"column":53}},"16":{"start":{"line":45,"column":4},"end":{"line":47,"column":5}},"17":{"start":{"line":46,"column":6},"end":{"line":46,"column":20}},"18":{"start":{"line":48,"column":4},"end":{"line":48,"column":34}},"19":{"start":{"line":52,"column":0},"end":{"line":52,"column":138}},"20":{"start":{"line":52,"column":69},"end":{"line":52,"column":136}},"21":{"start":{"line":54,"column":0},"end":{"line":54,"column":152}},"22":{"start":{"line":54,"column":73},"end":{"line":54,"column":150}},"23":{"start":{"line":55,"column":0},"end":{"line":55,"column":111}},"24":{"start":{"line":55,"column":42},"end":{"line":55,"column":109}},"25":{"start":{"line":60,"column":0},"end":{"line":76,"column":3}},"26":{"start":{"line":61,"column":2},"end":{"line":75,"column":5}},"27":{"start":{"line":62,"column":6},"end":{"line":65,"column":7}},"28":{"start":{"line":63,"column":10},"end":{"line":63,"column":46}},"29":{"start":{"line":64,"column":10},"end":{"line":64,"column":55}},"30":{"start":{"line":66,"column":6},"end":{"line":74,"column":9}},"31":{"start":{"line":67,"column":10},"end":{"line":67,"column":36}},"32":{"start":{"line":67,"column":19},"end":{"line":67,"column":36}},"33":{"start":{"line":68,"column":10},"end":{"line":68,"column":41}},"34":{"start":{"line":70,"column":10},"end":{"line":70,"column":83}},"35":{"start":{"line":71,"column":10},"end":{"line":71,"column":40}},"36":{"start":{"line":72,"column":10},"end":{"line":72,"column":34}},"37":{"start":{"line":73,"column":10},"end":{"line":73,"column":28}},"38":{"start":{"line":79,"column":0},"end":{"line":79,"column":24}}},"fnMap":{"0":{"name":"(anonymous_0)","decl":{"start":{"line":9,"column":22},"end":{"line":9,"column":23}},"loc":{"start":{"line":9,"column":33},"end":{"line":14,"column":1}},"line":9},"1":{"name":"(anonymous_1)","decl":{"start":{"line":15,"column":26},"end":{"line":15,"column":27}},"loc":{"start":{"line":15,"column":37},"end":{"line":19,"column":1}},"line":15},"2":{"name":"(anonymous_2)","decl":{"start":{"line":22,"column":26},"end":{"line":22,"column":27}},"loc":{"start":{"line":22,"column":46},"end":{"line":30,"column":1}},"line":22},"3":{"name":"(anonymous_3)","decl":{"start":{"line":33,"column":30},"end":{"line":33,"column":31}},"loc":{"start":{"line":33,"column":46},"end":{"line":42,"column":1}},"line":33},"4":{"name":"ensureAuthenticated","decl":{"start":{"line":44,"column":9},"end":{"line":44,"column":28}},"loc":{"start":{"line":44,"column":45},"end":{"line":49,"column":3}},"line":44},"5":{"name":"(anonymous_5)","decl":{"start":{"line":52,"column":55},"end":{"line":52,"column":56}},"loc":{"start":{"line":52,"column":69},"end":{"line":52,"column":136}},"line":52},"6":{"name":"(anonymous_6)","decl":{"start":{"line":54,"column":59},"end":{"line":54,"column":60}},"loc":{"start":{"line":54,"column":73},"end":{"line":54,"column":150}},"line":54},"7":{"name":"(anonymous_7)","decl":{"start":{"line":55,"column":28},"end":{"line":55,"column":29}},"loc":{"start":{"line":55,"column":42},"end":{"line":55,"column":109}},"line":55},"8":{"name":"(anonymous_8)","decl":{"start":{"line":60,"column":21},"end":{"line":60,"column":22}},"loc":{"start":{"line":60,"column":41},"end":{"line":76,"column":1}},"line":60},"9":{"name":"(anonymous_9)","decl":{"start":{"line":61,"column":13},"end":{"line":61,"column":14}},"loc":{"start":{"line":61,"column":22},"end":{"line":75,"column":3}},"line":61},"10":{"name":"(anonymous_10)","decl":{"start":{"line":66,"column":26},"end":{"line":66,"column":27}},"loc":{"start":{"line":66,"column":35},"end":{"line":74,"column":7}},"line":66}},"branchMap":{"0":{"loc":{"start":{"line":45,"column":4},"end":{"line":47,"column":5}},"type":"if","locations":[{"start":{"line":45,"column":4},"end":{"line":47,"column":5}},{"start":{},"end":{}}],"line":45},"1":{"loc":{"start":{"line":62,"column":6},"end":{"line":65,"column":7}},"type":"if","locations":[{"start":{"line":62,"column":6},"end":{"line":65,"column":7}},{"start":{},"end":{}}],"line":62},"2":{"loc":{"start":{"line":67,"column":10},"end":{"line":67,"column":36}},"type":"if","locations":[{"start":{"line":67,"column":10},"end":{"line":67,"column":36}},{"start":{},"end":{}}],"line":67}},"s":{"0":2,"1":2,"2":2,"3":2,"4":2,"5":2,"6":1,"7":1,"8":2,"9":1,"10":1,"11":2,"12":1,"13":2,"14":1,"15":1,"16":1,"17":0,"18":0,"19":2,"20":0,"21":2,"22":0,"23":2,"24":1,"25":2,"26":1,"27":0,"28":0,"29":0,"30":0,"31":0,"32":0,"33":0,"34":0,"35":0,"36":0,"37":0,"38":2},"f":{"0":1,"1":1,"2":1,"3":1,"4":1,"5":0,"6":0,"7":1,"8":1,"9":0,"10":0},"b":{"0":[0,0],"1":[0,0],"2":[0,0]},"_coverageSchema":"1a1c01bbd47fc00a2c39e90264f33305004495a9","hash":"1e5b09949ac7b0e5e13d95e3118611267cf15395"}
,"C:\\Users\\wits-user\\Downloads\\Lance2.0\\Lance\\backend\\scripts\\jobs.js": {"path":"C:\\Users\\wits-user\\Downloads\\Lance2.0\\Lance\\backend\\scripts\\jobs.js","statementMap":{"0":{"start":{"line":1,"column":12},"end":{"line":1,"column":86}},"1":{"start":{"line":4,"column":16},"end":{"line":8,"column":6}},"2":{"start":{"line":10,"column":4},"end":{"line":13,"column":5}},"3":{"start":{"line":11,"column":24},"end":{"line":11,"column":40}},"4":{"start":{"line":12,"column":6},"end":{"line":12,"column":60}},"5":{"start":{"line":15,"column":4},"end":{"line":15,"column":28}},"6":{"start":{"line":19,"column":16},"end":{"line":19,"column":42}},"7":{"start":{"line":20,"column":4},"end":{"line":20,"column":57}},"8":{"start":{"line":20,"column":17},"end":{"line":20,"column":57}},"9":{"start":{"line":21,"column":4},"end":{"line":21,"column":28}},"10":{"start":{"line":26,"column":16},"end":{"line":31,"column":6}},"11":{"start":{"line":32,"column":4},"end":{"line":35,"column":5}},"12":{"start":{"line":33,"column":24},"end":{"line":33,"column":40}},"13":{"start":{"line":34,"column":6},"end":{"line":34,"column":67}},"14":{"start":{"line":36,"column":4},"end":{"line":36,"column":28}},"15":{"start":{"line":41,"column":4},"end":{"line":65,"column":5}},"16":{"start":{"line":42,"column":8},"end":{"line":42,"column":75}},"17":{"start":{"line":43,"column":8},"end":{"line":43,"column":68}},"18":{"start":{"line":44,"column":8},"end":{"line":44,"column":70}},"19":{"start":{"line":45,"column":8},"end":{"line":45,"column":70}},"20":{"start":{"line":47,"column":21},"end":{"line":47,"column":36}},"21":{"start":{"line":48,"column":8},"end":{"line":48,"column":43}},"22":{"start":{"line":50,"column":8},"end":{"line":50,"column":25}},"23":{"start":{"line":52,"column":8},"end":{"line":56,"column":9}},"24":{"start":{"line":53,"column":12},"end":{"line":53,"column":77}},"25":{"start":{"line":55,"column":12},"end":{"line":55,"column":75}},"26":{"start":{"line":59,"column":8},"end":{"line":59,"column":53}},"27":{"start":{"line":60,"column":8},"end":{"line":60,"column":73}},"28":{"start":{"line":61,"column":8},"end":{"line":61,"column":101}},"29":{"start":{"line":62,"column":8},"end":{"line":62,"column":104}},"30":{"start":{"line":64,"column":8},"end":{"line":64,"column":72}},"31":{"start":{"line":71,"column":21},"end":{"line":71,"column":56}},"32":{"start":{"line":72,"column":21},"end":{"line":72,"column":59}},"33":{"start":{"line":75,"column":4},"end":{"line":75,"column":28}},"34":{"start":{"line":78,"column":4},"end":{"line":96,"column":7}},"35":{"start":{"line":79,"column":22},"end":{"line":79,"column":54}},"36":{"start":{"line":82,"column":8},"end":{"line":82,"column":69}},"37":{"start":{"line":83,"column":8},"end":{"line":83,"column":90}},"38":{"start":{"line":84,"column":8},"end":{"line":84,"column":66}},"39":{"start":{"line":85,"column":8},"end":{"line":85,"column":72}},"40":{"start":{"line":86,"column":8},"end":{"line":86,"column":78}},"41":{"start":{"line":87,"column":8},"end":{"line":87,"column":72}},"42":{"start":{"line":88,"column":8},"end":{"line":88,"column":95}},"43":{"start":{"line":91,"column":8},"end":{"line":93,"column":11}},"44":{"start":{"line":92,"column":12},"end":{"line":92,"column":35}},"45":{"start":{"line":95,"column":8},"end":{"line":95,"column":36}},"46":{"start":{"line":101,"column":17},"end":{"line":101,"column":37}},"47":{"start":{"line":102,"column":16},"end":{"line":102,"column":26}},"48":{"start":{"line":103,"column":23},"end":{"line":103,"column":71}},"49":{"start":{"line":105,"column":4},"end":{"line":105,"column":41}},"50":{"start":{"line":105,"column":26},"end":{"line":105,"column":41}},"51":{"start":{"line":106,"column":4},"end":{"line":106,"column":45}},"52":{"start":{"line":106,"column":26},"end":{"line":106,"column":45}},"53":{"start":{"line":107,"column":4},"end":{"line":107,"column":36}},"54":{"start":{"line":112,"column":4},"end":{"line":112,"column":93}},"55":{"start":{"line":114,"column":23},"end":{"line":114,"column":58}},"56":{"start":{"line":115,"column":23},"end":{"line":115,"column":58}},"57":{"start":{"line":117,"column":4},"end":{"line":117,"column":43}},"58":{"start":{"line":118,"column":4},"end":{"line":118,"column":52}},"59":{"start":{"line":121,"column":4},"end":{"line":125,"column":6}},"60":{"start":{"line":122,"column":8},"end":{"line":124,"column":9}},"61":{"start":{"line":123,"column":12},"end":{"line":123,"column":60}},"62":{"start":{"line":127,"column":4},"end":{"line":131,"column":6}},"63":{"start":{"line":128,"column":8},"end":{"line":130,"column":9}},"64":{"start":{"line":129,"column":12},"end":{"line":129,"column":60}},"65":{"start":{"line":136,"column":4},"end":{"line":140,"column":6}},"66":{"start":{"line":146,"column":0},"end":{"line":148,"column":8}},"67":{"start":{"line":147,"column":0},"end":{"line":147,"column":52}},"68":{"start":{"line":152,"column":0},"end":{"line":183,"column":3}},"69":{"start":{"line":154,"column":4},"end":{"line":154,"column":16}},"70":{"start":{"line":157,"column":4},"end":{"line":159,"column":7}},"71":{"start":{"line":158,"column":8},"end":{"line":158,"column":42}},"72":{"start":{"line":163,"column":4},"end":{"line":168,"column":7}},"73":{"start":{"line":164,"column":8},"end":{"line":164,"column":36}},"74":{"start":{"line":165,"column":8},"end":{"line":167,"column":16}},"75":{"start":{"line":166,"column":12},"end":{"line":166,"column":46}},"76":{"start":{"line":171,"column":4},"end":{"line":182,"column":6}},"77":{"start":{"line":172,"column":24},"end":{"line":172,"column":58}},"78":{"start":{"line":173,"column":24},"end":{"line":173,"column":66}},"79":{"start":{"line":175,"column":8},"end":{"line":181,"column":9}},"80":{"start":{"line":176,"column":12},"end":{"line":176,"column":58}},"81":{"start":{"line":177,"column":12},"end":{"line":177,"column":47}},"82":{"start":{"line":179,"column":12},"end":{"line":179,"column":55}},"83":{"start":{"line":180,"column":12},"end":{"line":180,"column":44}},"84":{"start":{"line":185,"column":0},"end":{"line":185,"column":137}}},"fnMap":{"0":{"name":"createJob","decl":{"start":{"line":3,"column":15},"end":{"line":3,"column":24}},"loc":{"start":{"line":3,"column":34},"end":{"line":16,"column":3}},"line":3},"1":{"name":"getJobs","decl":{"start":{"line":18,"column":15},"end":{"line":18,"column":22}},"loc":{"start":{"line":18,"column":25},"end":{"line":22,"column":3}},"line":18},"2":{"name":"updateStatus","decl":{"start":{"line":25,"column":16},"end":{"line":25,"column":28}},"loc":{"start":{"line":25,"column":34},"end":{"line":37,"column":3}},"line":25},"3":{"name":"fetchJobs","decl":{"start":{"line":40,"column":16},"end":{"line":40,"column":25}},"loc":{"start":{"line":40,"column":50},"end":{"line":66,"column":1}},"line":40},"4":{"name":"renderJobs","decl":{"start":{"line":70,"column":9},"end":{"line":70,"column":19}},"loc":{"start":{"line":70,"column":26},"end":{"line":97,"column":1}},"line":70},"5":{"name":"(anonymous_5)","decl":{"start":{"line":78,"column":17},"end":{"line":78,"column":18}},"loc":{"start":{"line":78,"column":24},"end":{"line":96,"column":5}},"line":78},"6":{"name":"(anonymous_6)","decl":{"start":{"line":91,"column":68},"end":{"line":91,"column":69}},"loc":{"start":{"line":91,"column":74},"end":{"line":93,"column":9}},"line":91},"7":{"name":"formatDate","decl":{"start":{"line":100,"column":9},"end":{"line":100,"column":19}},"loc":{"start":{"line":100,"column":32},"end":{"line":108,"column":1}},"line":100},"8":{"name":"updatePagination","decl":{"start":{"line":111,"column":9},"end":{"line":111,"column":25}},"loc":{"start":{"line":111,"column":51},"end":{"line":132,"column":1}},"line":111},"9":{"name":"(anonymous_9)","decl":{"start":{"line":121,"column":25},"end":{"line":121,"column":26}},"loc":{"start":{"line":121,"column":31},"end":{"line":125,"column":5}},"line":121},"10":{"name":"(anonymous_10)","decl":{"start":{"line":127,"column":25},"end":{"line":127,"column":26}},"loc":{"start":{"line":127,"column":31},"end":{"line":131,"column":5}},"line":127},"11":{"name":"getCurrentFilters","decl":{"start":{"line":135,"column":9},"end":{"line":135,"column":26}},"loc":{"start":{"line":135,"column":29},"end":{"line":141,"column":1}},"line":135},"12":{"name":"applyForJob","decl":{"start":{"line":145,"column":9},"end":{"line":145,"column":20}},"loc":{"start":{"line":145,"column":28},"end":{"line":149,"column":1}},"line":145},"13":{"name":"(anonymous_13)","decl":{"start":{"line":146,"column":11},"end":{"line":146,"column":12}},"loc":{"start":{"line":146,"column":17},"end":{"line":148,"column":1}},"line":146},"14":{"name":"(anonymous_14)","decl":{"start":{"line":152,"column":46},"end":{"line":152,"column":47}},"loc":{"start":{"line":152,"column":52},"end":{"line":183,"column":1}},"line":152},"15":{"name":"(anonymous_15)","decl":{"start":{"line":157,"column":70},"end":{"line":157,"column":71}},"loc":{"start":{"line":157,"column":76},"end":{"line":159,"column":5}},"line":157},"16":{"name":"(anonymous_16)","decl":{"start":{"line":163,"column":67},"end":{"line":163,"column":68}},"loc":{"start":{"line":163,"column":73},"end":{"line":168,"column":5}},"line":163},"17":{"name":"(anonymous_17)","decl":{"start":{"line":165,"column":35},"end":{"line":165,"column":36}},"loc":{"start":{"line":165,"column":41},"end":{"line":167,"column":9}},"line":165},"18":{"name":"(anonymous_18)","decl":{"start":{"line":171,"column":27},"end":{"line":171,"column":28}},"loc":{"start":{"line":171,"column":38},"end":{"line":182,"column":5}},"line":171}},"branchMap":{"0":{"loc":{"start":{"line":10,"column":4},"end":{"line":13,"column":5}},"type":"if","locations":[{"start":{"line":10,"column":4},"end":{"line":13,"column":5}},{"start":{},"end":{}}],"line":10},"1":{"loc":{"start":{"line":20,"column":4},"end":{"line":20,"column":57}},"type":"if","locations":[{"start":{"line":20,"column":4},"end":{"line":20,"column":57}},{"start":{},"end":{}}],"line":20},"2":{"loc":{"start":{"line":32,"column":4},"end":{"line":35,"column":5}},"type":"if","locations":[{"start":{"line":32,"column":4},"end":{"line":35,"column":5}},{"start":{},"end":{}}],"line":32},"3":{"loc":{"start":{"line":40,"column":26},"end":{"line":40,"column":34}},"type":"default-arg","locations":[{"start":{"line":40,"column":33},"end":{"line":40,"column":34}}],"line":40},"4":{"loc":{"start":{"line":40,"column":36},"end":{"line":40,"column":48}},"type":"default-arg","locations":[{"start":{"line":40,"column":46},"end":{"line":40,"column":48}}],"line":40},"5":{"loc":{"start":{"line":52,"column":8},"end":{"line":56,"column":9}},"type":"if","locations":[{"start":{"line":52,"column":8},"end":{"line":56,"column":9}},{"start":{"line":54,"column":15},"end":{"line":56,"column":9}}],"line":52},"6":{"loc":{"start":{"line":105,"column":4},"end":{"line":105,"column":41}},"type":"if","locations":[{"start":{"line":105,"column":4},"end":{"line":105,"column":41}},{"start":{},"end":{}}],"line":105},"7":{"loc":{"start":{"line":106,"column":4},"end":{"line":106,"column":45}},"type":"if","locations":[{"start":{"line":106,"column":4},"end":{"line":106,"column":45}},{"start":{},"end":{}}],"line":106},"8":{"loc":{"start":{"line":122,"column":8},"end":{"line":124,"column":9}},"type":"if","locations":[{"start":{"line":122,"column":8},"end":{"line":124,"column":9}},{"start":{},"end":{}}],"line":122},"9":{"loc":{"start":{"line":128,"column":8},"end":{"line":130,"column":9}},"type":"if","locations":[{"start":{"line":128,"column":8},"end":{"line":130,"column":9}},{"start":{},"end":{}}],"line":128},"10":{"loc":{"start":{"line":175,"column":8},"end":{"line":181,"column":9}},"type":"if","locations":[{"start":{"line":175,"column":8},"end":{"line":181,"column":9}},{"start":{"line":178,"column":15},"end":{"line":181,"column":9}}],"line":175}},"s":{"0":1,"1":2,"2":2,"3":1,"4":1,"5":1,"6":2,"7":2,"8":1,"9":1,"10":0,"11":0,"12":0,"13":0,"14":0,"15":0,"16":0,"17":0,"18":0,"19":0,"20":0,"21":0,"22":0,"23":0,"24":0,"25":0,"26":0,"27":0,"28":0,"29":0,"30":0,"31":0,"32":0,"33":0,"34":0,"35":0,"36":0,"37":0,"38":0,"39":0,"40":0,"41":0,"42":0,"43":0,"44":0,"45":0,"46":0,"47":0,"48":0,"49":0,"50":0,"51":0,"52":0,"53":0,"54":0,"55":0,"56":0,"57":0,"58":0,"59":0,"60":0,"61":0,"62":0,"63":0,"64":0,"65":0,"66":0,"67":0,"68":1,"69":0,"70":0,"71":0,"72":0,"73":0,"74":0,"75":0,"76":0,"77":0,"78":0,"79":0,"80":0,"81":0,"82":0,"83":0,"84":1},"f":{"0":2,"1":2,"2":0,"3":0,"4":0,"5":0,"6":0,"7":0,"8":0,"9":0,"10":0,"11":0,"12":0,"13":0,"14":0,"15":0,"16":0,"17":0,"18":0},"b":{"0":[1,1],"1":[1,1],"2":[0,0],"3":[0],"4":[0],"5":[0,0],"6":[0,0],"7":[0,0],"8":[0,0],"9":[0,0],"10":[0,0]},"_coverageSchema":"1a1c01bbd47fc00a2c39e90264f33305004495a9","hash":"1fe9f40d1db1ec05993455e4ea833d64834ea9c9"}
}
