{"C:\\Users\\wits-user\\OneDrive\\Desktop\\Uni\\Third Year\\SD\\Lance2.0\\Lance\\backend\\config\\passport.js": {"path":"C:\\Users\\wits-user\\OneDrive\\Desktop\\Uni\\Third Year\\SD\\Lance2.0\\Lance\\backend\\config\\passport.js","statementMap":{"0":{"start":{"line":1,"column":17},"end":{"line":1,"column":36}},"1":{"start":{"line":2,"column":23},"end":{"line":2,"column":65}},"2":{"start":{"line":5,"column":13},"end":{"line":5,"column":28}},"3":{"start":{"line":7,"column":16},"end":{"line":7,"column":70}},"4":{"start":{"line":8,"column":0},"end":{"line":10,"column":3}},"5":{"start":{"line":12,"column":13},"end":{"line":12,"column":15}},"6":{"start":{"line":13,"column":9},"end":{"line":13,"column":11}},"7":{"start":{"line":18,"column":0},"end":{"line":53,"column":3}},"8":{"start":{"line":26,"column":5},"end":{"line":26,"column":27}},"9":{"start":{"line":27,"column":4},"end":{"line":50,"column":5}},"10":{"start":{"line":28,"column":48},"end":{"line":28,"column":81}},"11":{"start":{"line":29,"column":9},"end":{"line":33,"column":10}},"12":{"start":{"line":34,"column":19},"end":{"line":34,"column":58}},"13":{"start":{"line":36,"column":8},"end":{"line":45,"column":11}},"14":{"start":{"line":37,"column":28},"end":{"line":42,"column":13}},"15":{"start":{"line":43,"column":12},"end":{"line":43,"column":33}},"16":{"start":{"line":44,"column":12},"end":{"line":44,"column":59}},"17":{"start":{"line":47,"column":8},"end":{"line":47,"column":27}},"18":{"start":{"line":49,"column":8},"end":{"line":49,"column":18}},"19":{"start":{"line":54,"column":17},"end":{"line":54,"column":25}},"20":{"start":{"line":56,"column":0},"end":{"line":58,"column":5}},"21":{"start":{"line":57,"column":4},"end":{"line":57,"column":28}},"22":{"start":{"line":60,"column":2},"end":{"line":68,"column":5}},"23":{"start":{"line":61,"column":35},"end":{"line":61,"column":65}},"24":{"start":{"line":64,"column":17},"end":{"line":64,"column":48}},"25":{"start":{"line":66,"column":4},"end":{"line":66,"column":54}},"26":{"start":{"line":66,"column":15},"end":{"line":66,"column":54}},"27":{"start":{"line":67,"column":4},"end":{"line":67,"column":35}},"28":{"start":{"line":70,"column":2},"end":{"line":73,"column":4}}},"fnMap":{"0":{"name":"(anonymous_0)","decl":{"start":{"line":25,"column":2},"end":{"line":25,"column":3}},"loc":{"start":{"line":25,"column":137},"end":{"line":51,"column":1}},"line":25},"1":{"name":"(anonymous_1)","decl":{"start":{"line":56,"column":23},"end":{"line":56,"column":24}},"loc":{"start":{"line":56,"column":37},"end":{"line":58,"column":3}},"line":56},"2":{"name":"(anonymous_2)","decl":{"start":{"line":60,"column":27},"end":{"line":60,"column":28}},"loc":{"start":{"line":60,"column":45},"end":{"line":68,"column":3}},"line":60}},"branchMap":{"0":{"loc":{"start":{"line":7,"column":16},"end":{"line":7,"column":70}},"type":"cond-expr","locations":[{"start":{"line":7,"column":50},"end":{"line":7,"column":61}},{"start":{"line":7,"column":64},"end":{"line":7,"column":70}}],"line":7},"1":{"loc":{"start":{"line":36,"column":8},"end":{"line":45,"column":11}},"type":"if","locations":[{"start":{"line":36,"column":8},"end":{"line":45,"column":11}},{"start":{},"end":{}}],"line":36},"2":{"loc":{"start":{"line":66,"column":4},"end":{"line":66,"column":54}},"type":"if","locations":[{"start":{"line":66,"column":4},"end":{"line":66,"column":54}},{"start":{},"end":{}}],"line":66}},"s":{"0":1,"1":1,"2":1,"3":1,"4":1,"5":1,"6":1,"7":1,"8":0,"9":0,"10":0,"11":0,"12":0,"13":0,"14":0,"15":0,"16":0,"17":0,"18":0,"19":1,"20":1,"21":0,"22":1,"23":0,"24":0,"25":0,"26":0,"27":0,"28":1},"f":{"0":0,"1":0,"2":0},"b":{"0":[1,0],"1":[0,0],"2":[0,0]},"_coverageSchema":"1a1c01bbd47fc00a2c39e90264f33305004495a9","hash":"a119cc0986897acf098ca28e9ef0688839853395"}
,"C:\\Users\\wits-user\\OneDrive\\Desktop\\Uni\\Third Year\\SD\\Lance2.0\\Lance\\backend\\controllers\\authController.js": {"path":"C:\\Users\\wits-user\\OneDrive\\Desktop\\Uni\\Third Year\\SD\\Lance2.0\\Lance\\backend\\controllers\\authController.js","statementMap":{"0":{"start":{"line":7,"column":4},"end":{"line":7,"column":44}},"1":{"start":{"line":10,"column":0},"end":{"line":10,"column":30}}},"fnMap":{"0":{"name":"isLogged","decl":{"start":{"line":6,"column":9},"end":{"line":6,"column":17}},"loc":{"start":{"line":6,"column":34},"end":{"line":8,"column":1}},"line":6}},"branchMap":{"0":{"loc":{"start":{"line":7,"column":4},"end":{"line":7,"column":43}},"type":"cond-expr","locations":[{"start":{"line":7,"column":15},"end":{"line":7,"column":21}},{"start":{"line":7,"column":24},"end":{"line":7,"column":43}}],"line":7}},"s":{"0":0,"1":1},"f":{"0":0},"b":{"0":[0,0]},"_coverageSchema":"1a1c01bbd47fc00a2c39e90264f33305004495a9","hash":"5ddb50a490f2be727a3cb17a12fe4da7dc8fe905"}
,"C:\\Users\\wits-user\\OneDrive\\Desktop\\Uni\\Third Year\\SD\\Lance2.0\\Lance\\backend\\public\\login.js": {"path":"C:\\Users\\wits-user\\OneDrive\\Desktop\\Uni\\Third Year\\SD\\Lance2.0\\Lance\\backend\\public\\login.js","statementMap":{"0":{"start":{"line":3,"column":4},"end":{"line":3,"column":43}},"1":{"start":{"line":6,"column":4},"end":{"line":6,"column":58}},"2":{"start":{"line":9,"column":4},"end":{"line":9,"column":69}},"3":{"start":{"line":10,"column":4},"end":{"line":10,"column":71}},"4":{"start":{"line":14,"column":18},"end":{"line":14,"column":56}},"5":{"start":{"line":15,"column":21},"end":{"line":15,"column":62}},"6":{"start":{"line":17,"column":17},"end":{"line":17,"column":49}},"7":{"start":{"line":20,"column":4},"end":{"line":20,"column":77}},"8":{"start":{"line":28,"column":0},"end":{"line":28,"column":44}}},"fnMap":{"0":{"name":"selectRole","decl":{"start":{"line":1,"column":9},"end":{"line":1,"column":19}},"loc":{"start":{"line":1,"column":26},"end":{"line":11,"column":1}},"line":1},"1":{"name":"signUp","decl":{"start":{"line":13,"column":9},"end":{"line":13,"column":15}},"loc":{"start":{"line":13,"column":18},"end":{"line":23,"column":1}},"line":13},"2":{"name":"login","decl":{"start":{"line":25,"column":9},"end":{"line":25,"column":14}},"loc":{"start":{"line":25,"column":17},"end":{"line":26,"column":1}},"line":25}},"branchMap":{},"s":{"0":0,"1":0,"2":0,"3":0,"4":0,"5":0,"6":0,"7":0,"8":1},"f":{"0":0,"1":0,"2":0},"b":{},"_coverageSchema":"1a1c01bbd47fc00a2c39e90264f33305004495a9","hash":"9ae3439a9bd005ed4241fc6799ed5864934917dd"}
,"C:\\Users\\wits-user\\OneDrive\\Desktop\\Uni\\Third Year\\SD\\Lance2.0\\Lance\\backend\\routes\\authRoutes.js": {"path":"C:\\Users\\wits-user\\OneDrive\\Desktop\\Uni\\Third Year\\SD\\Lance2.0\\Lance\\backend\\routes\\authRoutes.js","statementMap":{"0":{"start":{"line":1,"column":16},"end":{"line":1,"column":34}},"1":{"start":{"line":2,"column":15},"end":{"line":2,"column":31}},"2":{"start":{"line":3,"column":31},"end":{"line":3,"column":60}},"3":{"start":{"line":6,"column":21},"end":{"line":6,"column":61}},"4":{"start":{"line":8,"column":9},"end":{"line":8,"column":11}},"5":{"start":{"line":9,"column":0},"end":{"line":14,"column":3}},"6":{"start":{"line":10,"column":4},"end":{"line":10,"column":20}},"7":{"start":{"line":12,"column":4},"end":{"line":12,"column":33}},"8":{"start":{"line":15,"column":0},"end":{"line":19,"column":3}},"9":{"start":{"line":16,"column":4},"end":{"line":16,"column":24}},"10":{"start":{"line":17,"column":4},"end":{"line":17,"column":33}},"11":{"start":{"line":22,"column":0},"end":{"line":30,"column":3}},"12":{"start":{"line":25,"column":4},"end":{"line":28,"column":24}},"13":{"start":{"line":33,"column":0},"end":{"line":42,"column":4}},"14":{"start":{"line":35,"column":13},"end":{"line":35,"column":28}},"15":{"start":{"line":37,"column":1},"end":{"line":39,"column":53}},"16":{"start":{"line":45,"column":4},"end":{"line":47,"column":5}},"17":{"start":{"line":46,"column":6},"end":{"line":46,"column":20}},"18":{"start":{"line":48,"column":4},"end":{"line":48,"column":34}},"19":{"start":{"line":52,"column":0},"end":{"line":52,"column":134}},"20":{"start":{"line":52,"column":69},"end":{"line":52,"column":132}},"21":{"start":{"line":54,"column":0},"end":{"line":54,"column":111}},"22":{"start":{"line":54,"column":42},"end":{"line":54,"column":109}},"23":{"start":{"line":55,"column":0},"end":{"line":58,"column":4}},"24":{"start":{"line":55,"column":36},"end":{"line":58,"column":2}},"25":{"start":{"line":56,"column":4},"end":{"line":56,"column":58}},"26":{"start":{"line":56,"column":13},"end":{"line":56,"column":58}},"27":{"start":{"line":57,"column":4},"end":{"line":57,"column":109}},"28":{"start":{"line":57,"column":33},"end":{"line":57,"column":59}},"29":{"start":{"line":57,"column":42},"end":{"line":57,"column":59}},"30":{"start":{"line":57,"column":60},"end":{"line":57,"column":105}},"31":{"start":{"line":61,"column":0},"end":{"line":61,"column":24}}},"fnMap":{"0":{"name":"(anonymous_0)","decl":{"start":{"line":9,"column":22},"end":{"line":9,"column":23}},"loc":{"start":{"line":9,"column":33},"end":{"line":14,"column":1}},"line":9},"1":{"name":"(anonymous_1)","decl":{"start":{"line":15,"column":26},"end":{"line":15,"column":27}},"loc":{"start":{"line":15,"column":37},"end":{"line":19,"column":1}},"line":15},"2":{"name":"(anonymous_2)","decl":{"start":{"line":22,"column":26},"end":{"line":22,"column":27}},"loc":{"start":{"line":22,"column":46},"end":{"line":30,"column":1}},"line":22},"3":{"name":"(anonymous_3)","decl":{"start":{"line":33,"column":30},"end":{"line":33,"column":31}},"loc":{"start":{"line":33,"column":46},"end":{"line":42,"column":1}},"line":33},"4":{"name":"ensureAuthenticated","decl":{"start":{"line":44,"column":9},"end":{"line":44,"column":28}},"loc":{"start":{"line":44,"column":45},"end":{"line":49,"column":3}},"line":44},"5":{"name":"(anonymous_5)","decl":{"start":{"line":52,"column":55},"end":{"line":52,"column":56}},"loc":{"start":{"line":52,"column":69},"end":{"line":52,"column":132}},"line":52},"6":{"name":"(anonymous_6)","decl":{"start":{"line":54,"column":28},"end":{"line":54,"column":29}},"loc":{"start":{"line":54,"column":42},"end":{"line":54,"column":109}},"line":54},"7":{"name":"(anonymous_7)","decl":{"start":{"line":55,"column":22},"end":{"line":55,"column":23}},"loc":{"start":{"line":55,"column":36},"end":{"line":58,"column":2}},"line":55},"8":{"name":"(anonymous_8)","decl":{"start":{"line":55,"column":47},"end":{"line":55,"column":48}},"loc":{"start":{"line":55,"column":54},"end":{"line":58,"column":1}},"line":55},"9":{"name":"(anonymous_9)","decl":{"start":{"line":57,"column":24},"end":{"line":57,"column":25}},"loc":{"start":{"line":57,"column":31},"end":{"line":57,"column":107}},"line":57}},"branchMap":{"0":{"loc":{"start":{"line":45,"column":4},"end":{"line":47,"column":5}},"type":"if","locations":[{"start":{"line":45,"column":4},"end":{"line":47,"column":5}},{"start":{},"end":{}}],"line":45},"1":{"loc":{"start":{"line":56,"column":4},"end":{"line":56,"column":58}},"type":"if","locations":[{"start":{"line":56,"column":4},"end":{"line":56,"column":58}},{"start":{},"end":{}}],"line":56},"2":{"loc":{"start":{"line":57,"column":33},"end":{"line":57,"column":59}},"type":"if","locations":[{"start":{"line":57,"column":33},"end":{"line":57,"column":59}},{"start":{},"end":{}}],"line":57}},"s":{"0":1,"1":1,"2":1,"3":1,"4":1,"5":1,"6":0,"7":0,"8":1,"9":0,"10":0,"11":1,"12":0,"13":1,"14":0,"15":0,"16":0,"17":0,"18":0,"19":1,"20":0,"21":1,"22":0,"23":1,"24":0,"25":0,"26":0,"27":0,"28":0,"29":0,"30":0,"31":1},"f":{"0":0,"1":0,"2":0,"3":0,"4":0,"5":0,"6":0,"7":0,"8":0,"9":0},"b":{"0":[0,0],"1":[0,0],"2":[0,0]},"_coverageSchema":"1a1c01bbd47fc00a2c39e90264f33305004495a9","hash":"857a191a93cb65c1ca6a79802eb2e083cce4866c"}
}
