TN:
SF:backend\config\passport.js
FN:26,(anonymous_0)
FN:59,(anonymous_1)
FN:63,(anonymous_2)
FNF:3
FNH:0
FNDA:0,(anonymous_0)
FNDA:0,(anonymous_1)
FNDA:0,(anonymous_2)
DA:1,1
DA:2,1
DA:5,1
DA:8,1
DA:9,1
DA:13,1
DA:14,1
DA:19,1
DA:27,0
DA:28,0
DA:29,0
DA:32,0
DA:37,0
DA:39,0
DA:40,0
DA:46,0
DA:47,0
DA:50,0
DA:52,0
DA:57,1
DA:59,1
DA:60,0
DA:63,1
DA:64,0
DA:67,0
DA:69,0
DA:70,0
DA:73,1
LF:28
LH:12
BRDA:8,0,0,1
BRDA:8,0,1,0
BRDA:39,1,0,0
BRDA:39,1,1,0
BRDA:69,2,0,0
BRDA:69,2,1,0
BRF:6
BRH:1
end_of_record
TN:
SF:backend\controllers\authController.js
FN:6,isLogged
FNF:1
FNH:1
FNDA:2,isLogged
DA:7,2
DA:10,2
LF:2
LH:2
BRDA:7,0,0,1
BRDA:7,0,1,1
BRF:2
BRH:2
end_of_record
TN:
SF:backend\public\login.js
FN:1,selectRole
FN:13,signUp
FN:25,login
FNF:3
FNH:3
FNDA:3,selectRole
FNDA:1,signUp
FNDA:1,login
DA:3,3
DA:6,3
DA:9,3
DA:10,3
DA:14,1
DA:15,1
DA:17,1
DA:20,1
DA:28,1
LF:9
LH:9
BRF:0
BRH:0
end_of_record
TN:
SF:backend\routes\authRoutes.js
FN:9,(anonymous_0)
FN:15,(anonymous_1)
FN:22,(anonymous_2)
FN:33,(anonymous_3)
FN:44,ensureAuthenticated
FN:52,(anonymous_5)
FN:54,(anonymous_6)
FN:55,(anonymous_7)
FN:60,(anonymous_8)
FN:61,(anonymous_9)
FN:66,(anonymous_10)
FNF:11
FNH:7
FNDA:1,(anonymous_0)
FNDA:1,(anonymous_1)
FNDA:1,(anonymous_2)
FNDA:1,(anonymous_3)
FNDA:1,ensureAuthenticated
FNDA:0,(anonymous_5)
FNDA:0,(anonymous_6)
FNDA:1,(anonymous_7)
FNDA:1,(anonymous_8)
FNDA:0,(anonymous_9)
FNDA:0,(anonymous_10)
DA:1,2
DA:2,2
DA:3,2
DA:6,2
DA:8,2
DA:9,2
DA:10,1
DA:12,1
DA:15,2
DA:16,1
DA:17,1
DA:22,2
DA:25,1
DA:33,2
DA:35,1
DA:37,1
DA:45,1
DA:46,0
DA:48,0
DA:52,2
DA:54,2
DA:55,2
DA:60,2
DA:61,1
DA:62,0
DA:63,0
DA:64,0
DA:66,0
DA:67,0
DA:68,0
DA:70,0
DA:71,0
DA:72,0
DA:73,0
DA:79,2
LF:35
LH:23
BRDA:45,0,0,0
BRDA:45,0,1,0
BRDA:62,1,0,0
BRDA:62,1,1,0
BRDA:67,2,0,0
BRDA:67,2,1,0
BRF:6
BRH:0
end_of_record
TN:
SF:backend\scripts\jobs.js
FN:3,createJob
FN:18,getJobs
FN:25,updateStatus
FN:40,fetchJobs
FN:70,renderJobs
FN:78,(anonymous_5)
FN:91,(anonymous_6)
FN:100,formatDate
FN:111,updatePagination
FN:121,(anonymous_9)
FN:127,(anonymous_10)
FN:135,getCurrentFilters
FN:145,applyForJob
FN:146,(anonymous_13)
FN:152,(anonymous_14)
FN:157,(anonymous_15)
FN:163,(anonymous_16)
FN:165,(anonymous_17)
FN:171,(anonymous_18)
FNF:19
FNH:11
FNDA:2,createJob
FNDA:3,getJobs
FNDA:1,updateStatus
FNDA:3,fetchJobs
FNDA:1,renderJobs
FNDA:0,(anonymous_5)
FNDA:0,(anonymous_6)
FNDA:3,formatDate
FNDA:3,updatePagination
FNDA:1,(anonymous_9)
FNDA:0,(anonymous_10)
FNDA:2,getCurrentFilters
FNDA:1,applyForJob
FNDA:1,(anonymous_13)
FNDA:0,(anonymous_14)
FNDA:0,(anonymous_15)
FNDA:0,(anonymous_16)
FNDA:0,(anonymous_17)
FNDA:0,(anonymous_18)
DA:1,1
DA:4,2
DA:10,2
DA:11,1
DA:12,1
DA:15,1
DA:19,3
DA:20,3
DA:21,1
DA:26,1
DA:32,1
DA:33,0
DA:34,0
DA:36,1
DA:41,3
DA:42,3
DA:43,3
DA:44,3
DA:45,3
DA:47,3
DA:48,1
DA:50,1
DA:52,0
DA:53,0
DA:55,0
DA:59,3
DA:60,3
DA:61,3
DA:62,3
DA:64,3
DA:71,1
DA:72,1
DA:75,1
DA:78,1
DA:79,0
DA:82,0
DA:83,0
DA:84,0
DA:85,0
DA:86,0
DA:87,0
DA:88,0
DA:91,0
DA:92,0
DA:95,0
DA:101,3
DA:102,3
DA:103,3
DA:105,3
DA:106,2
DA:107,1
DA:112,3
DA:114,3
DA:115,3
DA:117,3
DA:118,3
DA:121,3
DA:122,1
DA:123,1
DA:127,3
DA:128,0
DA:129,0
DA:136,2
DA:146,1
DA:147,1
DA:152,1
DA:154,0
DA:157,0
DA:158,0
DA:163,0
DA:164,0
DA:165,0
DA:166,0
DA:171,0
DA:172,0
DA:173,0
DA:175,0
DA:176,0
DA:177,0
DA:179,0
DA:180,0
DA:185,1
LF:82
LH:49
BRDA:10,0,0,1
BRDA:10,0,1,1
BRDA:20,1,0,1
BRDA:20,1,1,1
BRDA:32,2,0,0
BRDA:32,2,1,1
BRDA:40,3,0,3
BRDA:40,4,0,3
BRDA:52,5,0,0
BRDA:52,5,1,0
BRDA:105,6,0,1
BRDA:105,6,1,2
BRDA:106,7,0,1
BRDA:106,7,1,1
BRDA:122,8,0,1
BRDA:122,8,1,0
BRDA:128,9,0,0
BRDA:128,9,1,0
BRDA:175,10,0,0
BRDA:175,10,1,0
BRF:20
BRH:12
end_of_record
