TN:
SF:backend\config\passport.js
FN:25,(anonymous_0)
FN:56,(anonymous_1)
FN:60,(anonymous_2)
FNF:3
FNH:0
FNDA:0,(anonymous_0)
FNDA:0,(anonymous_1)
FNDA:0,(anonymous_2)
DA:1,1
DA:2,1
DA:5,1
DA:7,1
DA:8,1
DA:12,1
DA:13,1
DA:18,1
DA:26,0
DA:27,0
DA:28,0
DA:29,0
DA:34,0
DA:36,0
DA:37,0
DA:43,0
DA:44,0
DA:47,0
DA:49,0
DA:54,1
DA:56,1
DA:57,0
DA:60,1
DA:61,0
DA:64,0
DA:66,0
DA:67,0
DA:70,1
LF:28
LH:12
BRDA:7,0,0,1
BRDA:7,0,1,0
BRDA:36,1,0,0
BRDA:36,1,1,0
BRDA:66,2,0,0
BRDA:66,2,1,0
BRF:6
BRH:1
end_of_record
TN:
SF:backend\controllers\authController.js
FN:6,isLogged
FNF:1
FNH:1
FNDA:2,isLogged
DA:7,2
DA:10,2
LF:2
LH:2
BRDA:7,0,0,1
BRDA:7,0,1,1
BRF:2
BRH:2
end_of_record
TN:
SF:backend\public\login.js
FN:1,selectRole
FN:13,signUp
FN:25,login
FNF:3
FNH:3
FNDA:3,selectRole
FNDA:1,signUp
FNDA:1,login
DA:3,3
DA:6,3
DA:9,3
DA:10,3
DA:14,1
DA:15,1
DA:17,1
DA:20,1
DA:28,1
LF:9
LH:9
BRF:0
BRH:0
end_of_record
TN:
SF:backend\routes\authRoutes.js
FN:9,(anonymous_0)
FN:15,(anonymous_1)
FN:22,(anonymous_2)
FN:33,(anonymous_3)
FN:44,ensureAuthenticated
FN:52,(anonymous_5)
FN:54,(anonymous_6)
FN:55,(anonymous_7)
FN:60,(anonymous_8)
FN:61,(anonymous_9)
FN:66,(anonymous_10)
FNF:11
FNH:7
FNDA:1,(anonymous_0)
FNDA:1,(anonymous_1)
FNDA:1,(anonymous_2)
FNDA:1,(anonymous_3)
FNDA:1,ensureAuthenticated
FNDA:0,(anonymous_5)
FNDA:0,(anonymous_6)
FNDA:1,(anonymous_7)
FNDA:1,(anonymous_8)
FNDA:0,(anonymous_9)
FNDA:0,(anonymous_10)
DA:1,2
DA:2,2
DA:3,2
DA:6,2
DA:8,2
DA:9,2
DA:10,1
DA:12,1
DA:15,2
DA:16,1
DA:17,1
DA:22,2
DA:25,1
DA:33,2
DA:35,1
DA:37,1
DA:45,1
DA:46,0
DA:48,0
DA:52,2
DA:54,2
DA:55,2
DA:60,2
DA:61,1
DA:62,0
DA:63,0
DA:64,0
DA:66,0
DA:67,0
DA:68,0
DA:70,0
DA:71,0
DA:72,0
DA:73,0
DA:79,2
LF:35
LH:23
BRDA:45,0,0,0
BRDA:45,0,1,0
BRDA:62,1,0,0
BRDA:62,1,1,0
BRDA:67,2,0,0
BRDA:67,2,1,0
BRF:6
BRH:0
end_of_record
